<?xml version="1.0" encoding="UTF-8"?>
<!-- Generated by org.testng.reporters.JUnitXMLReporter -->
<testsuite hostname="Sirisha" ignored="2" name="Test" tests="2" failures="1" timestamp="2020-01-27T19:08:49 IST" time="49.344" errors="0">
  <testcase name="testCreateCustomer" time="34.41" classname="com.actitime.testscripts.CreateCustomer"/>
  <testcase name="testCreateProject" time="2.836" classname="com.actitime.testscripts.CreateProject">
    <failure type="java.lang.AssertionError" message="expected [true] but found [false]">
      <![CDATA[java.lang.AssertionError: expected [true] but found [false]
at com.actitime.testscripts.CreateProject.testCreateProject(CreateProject.java:36)
at java.util.ArrayList.forEach(ArrayList.java:1257)
... Removed 35 stack frames]]>
    </failure>
  </testcase> <!-- testCreateProject -->
  <testcase name="@BeforeTest openBrowser" time="0.0" classname="com.actitime.testscripts.Baseclass">
    <ignored/>
  </testcase> <!-- @BeforeTest openBrowser -->
  <testcase name="@AfterTest closeBrowser" time="0.0" classname="com.actitime.testscripts.Baseclass">
    <ignored/>
  </testcase> <!-- @AfterTest closeBrowser -->
</testsuite> <!-- Test -->
